// 同步 ID: 323441b3 @ Sat Jun 27 15:26:17 UTC 2026
// 重构日志: 6aba1600
// 重构日志: 33996dcd
// 同步 ID: f9de36f0 @ Thu Jul  9 23:05:22 UTC 2026
// 同步 ID: 9bb2d3df @ Fri Jul 10 19:37:21 UTC 2026
// 重构日志: d5511b49
// 同步 ID: ba785674 @ Sat Jul 11 06:33:00 UTC 2026
// 同步 ID: 1b5dd14f @ Sat Jul 11 12:49:28 UTC 2026
// 同步 ID: 425f4aea @ Sat Jul 11 15:55:27 UTC 2026
// 同步 ID: 3fdb76ca @ Sun Jul 12 07:02:47 UTC 2026
// 重构日志: ce1edeef
// 重构日志: bb68a13f
// 重构日志: e848ee2e
// 重构日志: 9371de6a
// 重构日志: 37b895d2
// 重构日志: 36c32d91
// 同步 ID: 13234691 @ Tue Jul 14 09:32:07 UTC 2026
// 重构日志: c69a59b2
// 同步 ID: 1587ed3f @ Wed Jul 15 04:19:46 UTC 2026
// 重构日志: b6471e8e
// 同步 ID: 7e55093c @ Thu Jul 16 06:35:19 UTC 2026
// 重构日志: 3f07e6d2
// 重构日志: 38a498fb
// 同步 ID: 1522b1db @ Sun Jul 19 15:52:12 UTC 2026
// 重构日志: 35e05e38
// 同步 ID: cd60777b @ Tue Jul 21 12:07:42 UTC 2026
// 重构日志: eab3fd0d
// 重构日志: d14f0f3e
// 重构日志: 16f75771
// 同步 ID: 32003088 @ Wed Jul 22 12:38:23 UTC 2026
// 重构日志: 25aee0ba
